<?xml version="1.0" encoding="UTF-8" standalone="no"?><testsuite errors="1" failures="0" name="Busqueda de personaje" skipped="0" tests="1" time="25.06" timestamp="2025-09-22 09:23:34"><testcase name="Búsqueda exitosa de un personaje"><error message="An element could not be located on the page using the given search parameters.&#10;For documentation on this error, please visit: https://www.selenium.dev/documentation/webdriver/troubleshooting/errors#no-such-element-exception&#10;Build info: version: '4.21.0', revision: '79ed462ef4'&#10;System info: os.name: 'Windows 10', os.arch: 'amd64', os.version: '10.0', java.version: '11.0.28'&#10;Driver info: io.appium.java_client.android.AndroidDriver&#10;Command: [1814ba63-e81c-4a49-b6ed-f9217718163b, findElement {value=00000000-0000-01cf-0000-002500000003, using=id}]&#10;Capabilities {appium:appActivity: .MainActivity, appium:appPackage: com.example.marvel_animatio..., appium:autoGrantPermissions: true, appium:automationName: UiAutomator2, appium:databaseEnabled: false, appium:desired: {appActivity: .MainActivity, appPackage: com.example.marvel_animatio..., autoGrantPermissions: true, automationName: UiAutomator2, deviceName: RedmiNote11S, hub: http://127.0.0.1:4723/wd/hub, nativeWebScreenshot: true, newCommandTimeout: 800, platformName: ANDROID, platformVersion: &quot;13&quot;, resetKeyboard: false, udid: 7HHU6X4TT8VWYDNZ, unicodeKeyboard: false}, appium:deviceApiLevel: 33, appium:deviceManufacturer: Xiaomi, appium:deviceModel: 2201117SL, appium:deviceName: 7HHU6X4TT8VWYDNZ, appium:deviceScreenDensity: 440, appium:deviceScreenSize: 1080x2400, appium:deviceUDID: 7HHU6X4TT8VWYDNZ, appium:hub: http://127.0.0.1:4723/wd/hub, appium:javascriptEnabled: true, appium:locationContextEnabled: false, appium:nativeWebScreenshot: true, appium:networkConnectionEnabled: true, appium:newCommandTimeout: 800, appium:pixelRatio: 2.75, appium:platformVersion: 13, appium:resetKeyboard: false, appium:statBarHeight: 93, appium:takesScreenshot: true, appium:udid: 7HHU6X4TT8VWYDNZ, appium:unicodeKeyboard: false, appium:viewportRect: {height: 2307, left: 0, top: 93, width: 1080}, appium:warnings: {}, appium:webStorageEnabled: false, platformName: ANDROID}&#10;Session ID: 1814ba63-e81c-4a49-b6ed-f9217718163b" type="org.openqa.selenium.NoSuchElementException">An element could not be located on the page using the given search parameters.
For documentation on this error, please visit: https://www.selenium.dev/documentation/webdriver/troubleshooting/errors#no-such-element-exception
Build info: version: '4.21.0', revision: '79ed462ef4'
System info: os.name: 'Windows 10', os.arch: 'amd64', os.version: '10.0', java.version: '11.0.28'
Driver info: io.appium.java_client.android.AndroidDriver
Command: [1814ba63-e81c-4a49-b6ed-f9217718163b, findElement {value=00000000-0000-01cf-0000-002500000003, using=id}]
Capabilities {appium:appActivity: .MainActivity, appium:appPackage: com.example.marvel_animatio..., appium:autoGrantPermissions: true, appium:automationName: UiAutomator2, appium:databaseEnabled: false, appium:desired: {appActivity: .MainActivity, appPackage: com.example.marvel_animatio..., autoGrantPermissions: true, automationName: UiAutomator2, deviceName: RedmiNote11S, hub: http://127.0.0.1:4723/wd/hub, nativeWebScreenshot: true, newCommandTimeout: 800, platformName: ANDROID, platformVersion: "13", resetKeyboard: false, udid: 7HHU6X4TT8VWYDNZ, unicodeKeyboard: false}, appium:deviceApiLevel: 33, appium:deviceManufacturer: Xiaomi, appium:deviceModel: 2201117SL, appium:deviceName: 7HHU6X4TT8VWYDNZ, appium:deviceScreenDensity: 440, appium:deviceScreenSize: 1080x2400, appium:deviceUDID: 7HHU6X4TT8VWYDNZ, appium:hub: http://127.0.0.1:4723/wd/hub, appium:javascriptEnabled: true, appium:locationContextEnabled: false, appium:nativeWebScreenshot: true, appium:networkConnectionEnabled: true, appium:newCommandTimeout: 800, appium:pixelRatio: 2.75, appium:platformVersion: 13, appium:resetKeyboard: false, appium:statBarHeight: 93, appium:takesScreenshot: true, appium:udid: 7HHU6X4TT8VWYDNZ, appium:unicodeKeyboard: false, appium:viewportRect: {height: 2307, left: 0, top: 93, width: 1080}, appium:warnings: {}, appium:webStorageEnabled: false, platformName: ANDROID}
Session ID: 1814ba63-e81c-4a49-b6ed-f9217718163b</error><system-err>An element could not be located on the page using the given search parameters.
For documentation on this error, please visit: https://www.selenium.dev/documentation/webdriver/troubleshooting/errors#no-such-element-exception
Build info: version: '4.21.0', revision: '79ed462ef4'
System info: os.name: 'Windows 10', os.arch: 'amd64', os.version: '10.0', java.version: '11.0.28'
Driver info: io.appium.java_client.android.AndroidDriver
Command: [1814ba63-e81c-4a49-b6ed-f9217718163b, findElement {value=00000000-0000-01cf-0000-002500000003, using=id}]
Capabilities {appium:appActivity: .MainActivity, appium:appPackage: com.example.marvel_animatio..., appium:autoGrantPermissions: true, appium:automationName: UiAutomator2, appium:databaseEnabled: false, appium:desired: {appActivity: .MainActivity, appPackage: com.example.marvel_animatio..., autoGrantPermissions: true, automationName: UiAutomator2, deviceName: RedmiNote11S, hub: http://127.0.0.1:4723/wd/hub, nativeWebScreenshot: true, newCommandTimeout: 800, platformName: ANDROID, platformVersion: "13", resetKeyboard: false, udid: 7HHU6X4TT8VWYDNZ, unicodeKeyboard: false}, appium:deviceApiLevel: 33, appium:deviceManufacturer: Xiaomi, appium:deviceModel: 2201117SL, appium:deviceName: 7HHU6X4TT8VWYDNZ, appium:deviceScreenDensity: 440, appium:deviceScreenSize: 1080x2400, appium:deviceUDID: 7HHU6X4TT8VWYDNZ, appium:hub: http://127.0.0.1:4723/wd/hub, appium:javascriptEnabled: true, appium:locationContextEnabled: false, appium:nativeWebScreenshot: true, appium:networkConnectionEnabled: true, appium:newCommandTimeout: 800, appium:pixelRatio: 2.75, appium:platformVersion: 13, appium:resetKeyboard: false, appium:statBarHeight: 93, appium:takesScreenshot: true, appium:udid: 7HHU6X4TT8VWYDNZ, appium:unicodeKeyboard: false, appium:viewportRect: {height: 2307, left: 0, top: 93, width: 1080}, appium:warnings: {}, appium:webStorageEnabled: false, platformName: ANDROID}
Session ID: 1814ba63-e81c-4a49-b6ed-f9217718163b&#13;
io.appium.java_client.remote.AppiumCommandExecutor.execute(AppiumCommandExecutor.java:237)&#13;
com.pragma.marvel.tasks.BuscarPersonaje.performAs(BuscarPersonaje.java:26)&#13;
com.pragma.marvel.stepdefinition.BusquedaPersonajeStepDefinition.buscaElPersonaje(BusquedaPersonajeStepDefinition.java:38)&#13;
worker.org.gradle.process.internal.worker.GradleWorkerMain.run(GradleWorkerMain.java:69)&#13;
worker.org.gradle.process.internal.worker.GradleWorkerMain.main(GradleWorkerMain.java:74)&#13;
</system-err></testcase></testsuite>