<?xml version="1.0" encoding="UTF-8" standalone="no"?><testsuite errors="0" failures="1" name="com.pragma.marvel.tests.LoginTest" skipped="0" tests="1" time="31.97" timestamp="2025-09-22 01:05:30"><testcase classname="com.pragma.marvel.tests.LoginTest" name="Login exitoso"><failure message="Expected condition failed: waiting for By.xpath: //*[@content-desc='Log In'] to be present (tried for 5 second(s) with 100 milliseconds interval)&#10;Build info: version: '4.21.0', revision: '79ed462ef4'&#10;System info: os.name: 'Windows 10', os.arch: 'amd64', os.version: '10.0', java.version: '11.0.28'&#10;Driver info: driver.version: unknown" type="net.thucydides.core.webdriver.exceptions.ElementShouldBePresentException">Expected condition failed: waiting for By.xpath: //*[@content-desc='Log In'] to be present (tried for 5 second(s) with 100 milliseconds interval)
Build info: version: '4.21.0', revision: '79ed462ef4'
System info: os.name: 'Windows 10', os.arch: 'amd64', os.version: '10.0', java.version: '11.0.28'
Driver info: driver.version: unknown</failure><system-err>Expected condition failed: waiting for By.xpath: //*[@content-desc='Log In'] to be present (tried for 5 second(s) with 100 milliseconds interval)
Build info: version: '4.21.0', revision: '79ed462ef4'
System info: os.name: 'Windows 10', os.arch: 'amd64', os.version: '10.0', java.version: '11.0.28'
Driver info: driver.version: unknown&#13;
com.pragma.marvel.tasks.HacerLogin.performAs(HacerLogin.java:29)&#13;
com.pragma.marvel.tests.LoginTest.loginExitoso(LoginTest.java:28)&#13;
worker.org.gradle.process.internal.worker.GradleWorkerMain.run(GradleWorkerMain.java:69)&#13;
worker.org.gradle.process.internal.worker.GradleWorkerMain.main(GradleWorkerMain.java:74)&#13;
</system-err></testcase></testsuite>